<?xml version="1.0" encoding="UTF-8"?>
<testsuite xmlns:xsi="http://www.w3.org/2001/XMLSchema-instance" xsi:noNamespaceSchemaLocation="https://maven.apache.org/surefire/maven-surefire-plugin/xsd/surefire-test-report-3.0.xsd" version="3.0" name="ontrack.TaskStatusCalculatorTest" time="0.085" tests="6" errors="0" skipped="0" failures="0">
  <properties>
[...]
</properties>
  <testcase name="testInvalidDueDateWhenDueDateIsNull" classname="ontrack.TaskStatusCalculatorTest" time="0.033"/>
  <testcase name="testSubmittedOnTimeWaitingForFeedback" classname="ontrack.TaskStatusCalculatorTest" time="0.001"/>
  <testcase name="testNotSubmittedWhenSubmissionDateIsNull" classname="ontrack.TaskStatusCalculatorTest" time="0.001"/>
  <testcase name="testSubmittedOnDueDateWaitingForFeedback" classname="ontrack.TaskStatusCalculatorTest" time="0.001"/>
  <testcase name="testMarkedWhenFeedbackGiven" classname="ontrack.TaskStatusCalculatorTest" time="0.002"/>
  <testcase name="testSubmittedLateWaitingForFeedback" classname="ontrack.TaskStatusCalculatorTest" time="0.001"/>
</testsuite>